2020-02-12T18:21:07.984Z - ERROR:[error]: error is not defined
2020-02-12T18:23:07.779Z - ERROR:[error]: error is not defined: undefined
2020-02-12T18:26:15.602Z - ERROR:[error]: error is not defined - ReferenceError: error is not defined
    at PortalController.getAll (C:\Users\ACER\Desktop\project_aca\controllers\portalController.js:9:13)
    at Layer.handle [as handle_request] (C:\Users\ACER\Desktop\project_aca\node_modules\express\lib\router\layer.js:95:5)
    at next (C:\Users\ACER\Desktop\project_aca\node_modules\express\lib\router\route.js:137:13)
    at Route.dispatch (C:\Users\ACER\Desktop\project_aca\node_modules\express\lib\router\route.js:112:3)
    at Layer.handle [as handle_request] (C:\Users\ACER\Desktop\project_aca\node_modules\express\lib\router\layer.js:95:5)
    at C:\Users\ACER\Desktop\project_aca\node_modules\express\lib\router\index.js:281:22
    at Function.process_params (C:\Users\ACER\Desktop\project_aca\node_modules\express\lib\router\index.js:335:12)
    at next (C:\Users\ACER\Desktop\project_aca\node_modules\express\lib\router\index.js:275:10)
    at Function.handle (C:\Users\ACER\Desktop\project_aca\node_modules\express\lib\router\index.js:174:3)
    at router (C:\Users\ACER\Desktop\project_aca\node_modules\express\lib\router\index.js:47:12)
    at Layer.handle [as handle_request] (C:\Users\ACER\Desktop\project_aca\node_modules\express\lib\router\layer.js:95:5)
    at trim_prefix (C:\Users\ACER\Desktop\project_aca\node_modules\express\lib\router\index.js:317:13)
    at C:\Users\ACER\Desktop\project_aca\node_modules\express\lib\router\index.js:284:7
    at Function.process_params (C:\Users\ACER\Desktop\project_aca\node_modules\express\lib\router\index.js:335:12)
    at next (C:\Users\ACER\Desktop\project_aca\node_modules\express\lib\router\index.js:275:10)
    at Function.handle (C:\Users\ACER\Desktop\project_aca\node_modules\express\lib\router\index.js:174:3)
    at router (C:\Users\ACER\Desktop\project_aca\node_modules\express\lib\router\index.js:47:12)
    at Layer.handle [as handle_request] (C:\Users\ACER\Desktop\project_aca\node_modules\express\lib\router\layer.js:95:5)
    at trim_prefix (C:\Users\ACER\Desktop\project_aca\node_modules\express\lib\router\index.js:317:13)
    at C:\Users\ACER\Desktop\project_aca\node_modules\express\lib\router\index.js:284:7
    at Function.process_params (C:\Users\ACER\Desktop\project_aca\node_modules\express\lib\router\index.js:335:12)
    at next (C:\Users\ACER\Desktop\project_aca\node_modules\express\lib\router\index.js:275:10)
2020-02-12T18:28:15.929Z - ERROR:[error]: error is not defined - ReferenceError: error is not defined
    at PortalController.getAll (C:\Users\ACER\Desktop\project_aca\controllers\portalController.js:9:13)
    at Layer.handle [as handle_request] (C:\Users\ACER\Desktop\project_aca\node_modules\express\lib\router\layer.js:95:5)
    at next (C:\Users\ACER\Desktop\project_aca\node_modules\express\lib\router\route.js:137:13)
    at Route.dispatch (C:\Users\ACER\Desktop\project_aca\node_modules\express\lib\router\route.js:112:3)
    at Layer.handle [as handle_request] (C:\Users\ACER\Desktop\project_aca\node_modules\express\lib\router\layer.js:95:5)
    at C:\Users\ACER\Desktop\project_aca\node_modules\express\lib\router\index.js:281:22
    at Function.process_params (C:\Users\ACER\Desktop\project_aca\node_modules\express\lib\router\index.js:335:12)
    at next (C:\Users\ACER\Desktop\project_aca\node_modules\express\lib\router\index.js:275:10)
    at Function.handle (C:\Users\ACER\Desktop\project_aca\node_modules\express\lib\router\index.js:174:3)
    at router (C:\Users\ACER\Desktop\project_aca\node_modules\express\lib\router\index.js:47:12)
    at Layer.handle [as handle_request] (C:\Users\ACER\Desktop\project_aca\node_modules\express\lib\router\layer.js:95:5)
    at trim_prefix (C:\Users\ACER\Desktop\project_aca\node_modules\express\lib\router\index.js:317:13)
    at C:\Users\ACER\Desktop\project_aca\node_modules\express\lib\router\index.js:284:7
    at Function.process_params (C:\Users\ACER\Desktop\project_aca\node_modules\express\lib\router\index.js:335:12)
    at next (C:\Users\ACER\Desktop\project_aca\node_modules\express\lib\router\index.js:275:10)
    at Function.handle (C:\Users\ACER\Desktop\project_aca\node_modules\express\lib\router\index.js:174:3)
    at router (C:\Users\ACER\Desktop\project_aca\node_modules\express\lib\router\index.js:47:12)
    at Layer.handle [as handle_request] (C:\Users\ACER\Desktop\project_aca\node_modules\express\lib\router\layer.js:95:5)
    at trim_prefix (C:\Users\ACER\Desktop\project_aca\node_modules\express\lib\router\index.js:317:13)
    at C:\Users\ACER\Desktop\project_aca\node_modules\express\lib\router\index.js:284:7
    at Function.process_params (C:\Users\ACER\Desktop\project_aca\node_modules\express\lib\router\index.js:335:12)
    at next (C:\Users\ACER\Desktop\project_aca\node_modules\express\lib\router\index.js:275:10)
